#
# There is insufficient memory for the Java Runtime Environment to continue.
# Native memory allocation (malloc) failed to allocate 1048576 bytes for AllocateHeap
# Possible reasons:
#   The system is out of physical RAM or swap space
#   In 32 bit mode, the process size limit was hit
# Possible solutions:
#   Reduce memory load on the system
#   Increase physical memory or swap space
#   Check if swap backing store is full
#   Use 64 bit Java on a 64 bit OS
#   Decrease Java heap size (-Xmx/-Xms)
#   Decrease number of Java threads
#   Decrease Java thread stack sizes (-Xss)
#   Set larger code cache with -XX:ReservedCodeCacheSize=
# This output file may be truncated or incomplete.
#
#  Out of Memory Error (memory/allocation.inline.hpp:61), pid=25044, tid=0x0000000000006280
#
# JRE version:  (8.0) (build )
# Java VM: OpenJDK 64-Bit Server VM (25.71-b00 mixed mode windows-amd64 compressed oops)
# Failed to write core dump. Minidumps are not enabled by default on client versions of Windows
#

---------------  T H R E A D  ---------------

Current thread (0x0000000000d0e800):  JavaThread "Unknown thread" [_thread_in_vm, id=25216, stack(0x0000000002570000,0x0000000002670000)]

Stack: [0x0000000002570000,0x0000000002670000]
[error occurred during error reporting (printing stack bounds), id 0xc0000005]

Native frames: (J=compiled Java code, j=interpreted, Vv=VM code, C=native code)


---------------  P R O C E S S  ---------------

Java Threads: ( => current thread )

Other Threads:

=>0x0000000000d0e800 (exited) JavaThread "Unknown thread" [_thread_in_vm, id=25216, stack(0x0000000002570000,0x0000000002670000)]

VM state:not at safepoint (normal execution)

VM Mutex/Monitor currently owned by a thread: None

Heap:
 PSYoungGen      total 76288K, used 1310K [0x000000076ae00000, 0x0000000770300000, 0x00000007c0000000)
  eden space 65536K, 2% used [0x000000076ae00000,0x000000076af47af0,0x000000076ee00000)
  from space 10752K, 0% used [0x000000076f880000,0x000000076f880000,0x0000000770300000)
  to   space 10752K, 0% used [0x000000076ee00000,0x000000076ee00000,0x000000076f880000)
 ParOldGen       total 175104K, used 0K [0x00000006c0a00000, 0x00000006cb500000, 0x000000076ae00000)
  object space 175104K, 0% used [0x00000006c0a00000,0x00000006c0a00000,0x00000006cb500000)
 Metaspace       used 777K, capacity 4480K, committed 4480K, reserved 1056768K
  class space    used 74K, capacity 384K, committed 384K, reserved 1048576K

Card table byte_map: [0x0000000011bc0000,0x00000000123c0000] byte_map_base: 0x000000000e5bb000

Marking Bits: (ParMarkBitMap*) 0x000000006983be50
 Begin Bits: [0x0000000012f20000, 0x0000000016ef8000)
 End Bits:   [0x0000000016ef8000, 0x000000001aed0000)

Polling page: 0x0000000000860000

CodeCache: size=245760Kb used=328Kb max_used=328Kb free=245431Kb
 bounds [0x0000000002800000, 0x0000000002a70000, 0x0000000011800000]
 total_blobs=57 nmethods=0 adapters=38
 compilation: enabled

Compilation events (0 events):
No events

GC Heap History (0 events):
No events

Deoptimization events (0 events):
No events

Classes redefined (0 events):
No events

Internal exceptions (0 events):
No events

Events (10 events):
Event: 0.046 loading class java/lang/Short
Event: 0.046 loading class java/lang/Short done
Event: 0.046 loading class java/lang/Integer
Event: 0.046 loading class java/lang/Integer done
Event: 0.046 loading class java/lang/Long
Event: 0.047 loading class java/lang/Long done
Event: 0.048 loading class java/lang/NullPointerException
Event: 0.048 loading class java/lang/NullPointerException done
Event: 0.048 loading class java/lang/ArithmeticException
Event: 0.048 loading class java/lang/ArithmeticException done


Dynamic libraries:
0x00007ff7783c0000 - 0x00007ff7783f5000 	C:\Program Files\Unity\Hub\Editor\2020.3.35f1\Editor\Data\PlaybackEngines\AndroidPlayer\OpenJDK\bin\java.exe
0x00007ffacb510000 - 0x00007ffacb708000 	C:\WINDOWS\SYSTEM32\ntdll.dll
0x00007ffaca500000 - 0x00007ffaca5bd000 	C:\WINDOWS\System32\KERNEL32.DLL
0x00007ffac9090000 - 0x00007ffac935e000 	C:\WINDOWS\System32\KERNELBASE.dll
0x00007ffac9710000 - 0x00007ffac97be000 	C:\WINDOWS\System32\ADVAPI32.dll
0x00007ffaca460000 - 0x00007ffaca4fe000 	C:\WINDOWS\System32\msvcrt.dll
0x00007ffacaaa0000 - 0x00007ffacab3c000 	C:\WINDOWS\System32\sechost.dll
0x00007ffaca950000 - 0x00007ffacaa75000 	C:\WINDOWS\System32\RPCRT4.dll
0x00007ffac9570000 - 0x00007ffac9710000 	C:\WINDOWS\System32\USER32.dll
0x00007ffac9440000 - 0x00007ffac9462000 	C:\WINDOWS\System32\win32u.dll
0x00007ffac9970000 - 0x00007ffac999a000 	C:\WINDOWS\System32\GDI32.dll
0x00007ffac8c30000 - 0x00007ffac8d3b000 	C:\WINDOWS\System32\gdi32full.dll
0x00007ffac8ff0000 - 0x00007ffac908d000 	C:\WINDOWS\System32\msvcp_win.dll
0x00007ffac9470000 - 0x00007ffac9570000 	C:\WINDOWS\System32\ucrtbase.dll
0x00007ffab4930000 - 0x00007ffab4bca000 	C:\WINDOWS\WinSxS\amd64_microsoft.windows.common-controls_6595b64144ccf1df_6.0.19041.1110_none_60b5254171f9507e\COMCTL32.dll
0x00007ffac9e10000 - 0x00007ffac9e40000 	C:\WINDOWS\System32\IMM32.DLL
0x00000000698c0000 - 0x0000000069992000 	C:\Program Files\Unity\Hub\Editor\2020.3.35f1\Editor\Data\PlaybackEngines\AndroidPlayer\OpenJDK\jre\bin\msvcr100.dll
0x0000000069070000 - 0x00000000698b9000 	C:\Program Files\Unity\Hub\Editor\2020.3.35f1\Editor\Data\PlaybackEngines\AndroidPlayer\OpenJDK\jre\bin\server\jvm.dll
0x00007ffac9900000 - 0x00007ffac9908000 	C:\WINDOWS\System32\PSAPI.DLL
0x00007ffab5380000 - 0x00007ffab5389000 	C:\WINDOWS\SYSTEM32\WSOCK32.dll
0x00007ffac07e0000 - 0x00007ffac0807000 	C:\WINDOWS\SYSTEM32\WINMM.dll
0x00007ffac9d00000 - 0x00007ffac9d6b000 	C:\WINDOWS\System32\WS2_32.dll
0x00007ffac3020000 - 0x00007ffac302a000 	C:\WINDOWS\SYSTEM32\VERSION.dll
0x00007ffab97f0000 - 0x00007ffab97ff000 	C:\Program Files\Unity\Hub\Editor\2020.3.35f1\Editor\Data\PlaybackEngines\AndroidPlayer\OpenJDK\jre\bin\verify.dll
0x00007ffaa1d70000 - 0x00007ffaa1d99000 	C:\Program Files\Unity\Hub\Editor\2020.3.35f1\Editor\Data\PlaybackEngines\AndroidPlayer\OpenJDK\jre\bin\java.dll
0x00007ffaa1d50000 - 0x00007ffaa1d66000 	C:\Program Files\Unity\Hub\Editor\2020.3.35f1\Editor\Data\PlaybackEngines\AndroidPlayer\OpenJDK\jre\bin\zip.dll

VM Arguments:
jvm_args: -Dfile.encoding=UTF-8 
java_command: <unknown>
java_class_path (initial): .
Launcher Type: SUN_STANDARD

Environment Variables:
JAVA_TOOL_OPTIONS=-Dfile.encoding=UTF-8
PATH=C:\ProgramData\Oracle\Java\javapath;C:\WINDOWS\system32;C:\WINDOWS;C:\WINDOWS\System32\Wbem;C:\WINDOWS\System32\WindowsPowerShell\v1.0\;C:\Program Files (x86)\Skype\Phone\;C:\WINDOWS\System32\OpenSSH\;C:\Program Files\Git\cmd;C:\Program Files\nodejs\;C:\Program Files (x86)\GtkSharp\2.12\bin;C:\Program Files\TortoiseGit\bin;C:\Program Files\TortoiseSVN\bin;D:\jslist;C:\Cocos\Cocos2d-x\Cocos2d-x-3.10\templates;C:\Cocos\Cocos2d-x\Cocos2d-x-3.10\tools\cocos2d-console\bin;C:\Users\Fresher_LOCAL\AppData\Local\Microsoft\WindowsApps;C:\Users\Fresher_LOCAL\AppData\Roaming\npm;C:\Users\Fresher_LOCAL\AppData\Local\Programs\Microsoft VS Code\bin;
USERNAME=Fresher_LOCAL
OS=Windows_NT
PROCESSOR_IDENTIFIER=Intel64 Family 6 Model 158 Stepping 13, GenuineIntel



---------------  S Y S T E M  ---------------

OS: Windows 10.0 , 64 bit Build 19041 (10.0.19041.1889)

CPU:total 6 (initial active 6) (6 cores per cpu, 1 threads per core) family 6 model 158 stepping 13, cmov, cx8, fxsr, mmx, sse, sse2, sse3, ssse3, sse4.1, sse4.2, popcnt, avx, avx2, aes, clmul, erms, rtm, 3dnowpref, lzcnt, tsc, tscinvbit, bmi1, bmi2, adx

Memory: 4k page, physical 16729192k(2721988k free), swap 25117800k(5348k free)

vm_info: OpenJDK 64-Bit Server VM (25.71-b00) for windows-amd64 JRE (1.8.0-adoptopenjdk-_2018_05_19_00_59-b00), built on May 19 2018 01:02:12 by "jenkins" with MS VC++ 10.0 (VS2010)

time: Tue Sep 13 14:38:04 2022
elapsed time: 0 seconds (0d 0h 0m 0s)

